2022-06-25 16:13:03.102  INFO 6244 --- [main] com.api.sportyShoes.SportyShoes          : Starting SportyShoes on NIKHILKUMAR with PID 6244 (C:\Users\acer\Downloads\Sport_Shoe_Ecommerce_Project\Sport_Shoe_EcommerceWebsite_Project-master\SpotyShoesStoreProject\target\classes started by acer in C:\Users\acer\Downloads\Sport_Shoe_Ecommerce_Project\Sport_Shoe_EcommerceWebsite_Project-master\SpotyShoesStoreProject)
2022-06-25 16:13:03.108  INFO 6244 --- [main] com.api.sportyShoes.SportyShoes          : No active profile set, falling back to default profiles: default
2022-06-25 16:13:07.174  INFO 6244 --- [main] .s.d.r.c.RepositoryConfigurationDelegate : Bootstrapping Spring Data JPA repositories in DEFAULT mode.
2022-06-25 16:13:07.368  INFO 6244 --- [main] .s.d.r.c.RepositoryConfigurationDelegate : Finished Spring Data repository scanning in 146ms. Found 2 JPA repository interfaces.
2022-06-25 16:13:09.537  INFO 6244 --- [main] o.s.b.w.embedded.tomcat.TomcatWebServer  : Tomcat initialized with port(s): 8081 (http)
2022-06-25 16:13:09.593  INFO 6244 --- [main] o.apache.catalina.core.StandardService   : Starting service [Tomcat]
2022-06-25 16:13:09.594  INFO 6244 --- [main] org.apache.catalina.core.StandardEngine  : Starting Servlet engine: [Apache Tomcat/9.0.38]
2022-06-25 16:13:09.839  INFO 6244 --- [main] o.a.c.c.C.[Tomcat].[localhost].[/]       : Initializing Spring embedded WebApplicationContext
2022-06-25 16:13:09.839  INFO 6244 --- [main] w.s.c.ServletWebServerApplicationContext : Root WebApplicationContext: initialization completed in 6513 ms
2022-06-25 16:13:10.000  INFO 6244 --- [main] com.zaxxer.hikari.HikariDataSource       : HikariPool-1 - Starting...
2022-06-25 16:13:10.471  INFO 6244 --- [main] com.zaxxer.hikari.HikariDataSource       : HikariPool-1 - Start completed.
2022-06-25 16:13:10.483  INFO 6244 --- [main] o.s.b.a.h2.H2ConsoleAutoConfiguration    : H2 console available at '/h2-console'. Database available at 'jdbc:h2:mem:testdb'
2022-06-25 16:13:11.297  INFO 6244 --- [main] o.hibernate.jpa.internal.util.LogHelper  : HHH000204: Processing PersistenceUnitInfo [name: default]
2022-06-25 16:13:11.646  INFO 6244 --- [main] org.hibernate.Version                    : HHH000412: Hibernate ORM core version 5.4.21.Final
2022-06-25 16:13:12.576  INFO 6244 --- [main] o.hibernate.annotations.common.Version   : HCANN000001: Hibernate Commons Annotations {5.1.0.Final}
2022-06-25 16:13:13.251  INFO 6244 --- [main] org.hibernate.dialect.Dialect            : HHH000400: Using dialect: org.hibernate.dialect.H2Dialect
2022-06-25 16:13:15.248  INFO 6244 --- [main] o.h.e.t.j.p.i.JtaPlatformInitiator       : HHH000490: Using JtaPlatform implementation: [org.hibernate.engine.transaction.jta.platform.internal.NoJtaPlatform]
2022-06-25 16:13:15.304  INFO 6244 --- [main] j.LocalContainerEntityManagerFactoryBean : Initialized JPA EntityManagerFactory for persistence unit 'default'
2022-06-25 16:13:15.438  WARN 6244 --- [main] JpaBaseConfiguration$JpaWebConfiguration : spring.jpa.open-in-view is enabled by default. Therefore, database queries may be performed during view rendering. Explicitly configure spring.jpa.open-in-view to disable this warning
2022-06-25 16:13:17.450  INFO 6244 --- [main] o.s.s.web.DefaultSecurityFilterChain     : Creating filter chain: any request, [org.springframework.security.web.context.request.async.WebAsyncManagerIntegrationFilter@6dbdbb69, org.springframework.security.web.context.SecurityContextPersistenceFilter@493250cf, org.springframework.security.web.header.HeaderWriterFilter@3f22ce2a, org.springframework.security.web.authentication.logout.LogoutFilter@3e755d5f, org.springframework.security.web.authentication.www.BasicAuthenticationFilter@52a0bc48, org.springframework.security.web.savedrequest.RequestCacheAwareFilter@750b200b, org.springframework.security.web.servletapi.SecurityContextHolderAwareRequestFilter@72b6fa98, org.springframework.security.web.authentication.AnonymousAuthenticationFilter@576a8b00, org.springframework.security.web.session.SessionManagementFilter@1c09bb7a, org.springframework.security.web.access.ExceptionTranslationFilter@3f12676, org.springframework.security.web.access.intercept.FilterSecurityInterceptor@5dc7881d]
2022-06-25 16:13:17.497  INFO 6244 --- [main] pertySourcedRequestMappingHandlerMapping : Mapped URL path [/v2/api-docs] onto method [springfox.documentation.swagger2.web.Swagger2Controller#getDocumentation(String, HttpServletRequest)]
2022-06-25 16:13:17.850  INFO 6244 --- [main] o.s.s.concurrent.ThreadPoolTaskExecutor  : Initializing ExecutorService 'applicationTaskExecutor'
2022-06-25 16:13:18.144  INFO 6244 --- [main] d.s.w.p.DocumentationPluginsBootstrapper : Context refreshed
2022-06-25 16:13:18.195  INFO 6244 --- [main] d.s.w.p.DocumentationPluginsBootstrapper : Found 1 custom documentation plugin(s)
2022-06-25 16:13:18.288  INFO 6244 --- [main] s.d.s.w.s.ApiListingReferenceScanner     : Scanning for api listing references
2022-06-25 16:13:18.944  INFO 6244 --- [main] o.s.b.w.embedded.tomcat.TomcatWebServer  : Tomcat started on port(s): 8081 (http) with context path ''
2022-06-25 16:13:18.948  INFO 6244 --- [main] com.api.sportyShoes.SportyShoes          : Started SportyShoes in 18.018 seconds (JVM running for 19.321)
